7:29:59.517 [main] INFO  a.m.m.MallRestaurantApplication - Starting MallRestaurantApplication using Java 17.0.9 on WINDOWS-RGRGTRB with PID 884 (C:\Users\User\OneDrive\Documents\GitHub\sdf2-for-murad-MuradIbrahimov\mallRestaurant\build\classes\java\main started by 1KediSosis7 in C:\Users\User\OneDrive\Documents\GitHub\sdf2-for-murad-MuradIbrahimov)
17:29:59.519 [main] INFO  a.m.m.MallRestaurantApplication - No active profile set, falling back to default profiles: default
17:29:59.985 [main] INFO  o.s.d.r.c.RepositoryConfigurationDelegate - Bootstrapping Spring Data MongoDB repositories in DEFAULT mode.
17:30:00.021 [main] INFO  o.s.d.r.c.RepositoryConfigurationDelegate - Finished Spring Data repository scanning in 32 ms. Found 2 MongoDB repository interfaces.
17:30:00.334 [main] INFO  o.s.b.w.e.tomcat.TomcatWebServer - Tomcat initialized with port(s): 8080 (http)
17:30:00.340 [main] INFO  o.a.coyote.http11.Http11NioProtocol - Initializing ProtocolHandler ["http-nio-8080"]
17:30:00.340 [main] INFO  o.a.catalina.core.StandardService - Starting service [Tomcat]
17:30:00.341 [main] INFO  o.a.catalina.core.StandardEngine - Starting Servlet engine: [Apache Tomcat/9.0.55]
17:30:00.392 [main] INFO  o.a.c.c.C.[Tomcat].[localhost].[/] - Initializing Spring embedded WebApplicationContext
17:30:00.392 [main] INFO  o.s.b.w.s.c.ServletWebServerApplicationContext - Root WebApplicationContext: initialization completed in 834 ms
17:30:00.530 [main] INFO  org.mongodb.driver.cluster - Cluster created with settings {hosts=[localhost:27017], mode=SINGLE, requiredClusterType=UNKNOWN, serverSelectionTimeout='30000 ms'}
17:30:00.580 [cluster-ClusterId{value='657c54d82c397a3b8fbe4610', description='null'}-localhost:27017] INFO  org.mongodb.driver.connection - Opened connection [connectionId{localValue:1, serverValue:171}] to localhost:27017
17:30:00.580 [cluster-rtt-ClusterId{value='657c54d82c397a3b8fbe4610', description='null'}-localhost:27017] INFO  org.mongodb.driver.connection - Opened connection [connectionId{localValue:2, serverValue:170}] to localhost:27017
17:30:00.580 [cluster-ClusterId{value='657c54d82c397a3b8fbe4610', description='null'}-localhost:27017] INFO  org.mongodb.driver.cluster - Monitor thread successfully connected to server with description ServerDescription{address=localhost:27017, type=STANDALONE, state=CONNECTED, ok=true, minWireVersion=0, maxWireVersion=21, maxDocumentSize=16777216, logicalSessionTimeoutMinutes=30, roundTripTimeNanos=16327400}
17:30:00.824 [main] WARN  o.s.security.core.userdetails.User - User.withDefaultPasswordEncoder() is considered unsafe for production and is only intended for sample applications.
17:30:00.965 [main] INFO  o.s.s.web.DefaultSecurityFilterChain - Will secure any request with [org.springframework.security.web.context.request.async.WebAsyncManagerIntegrationFilter@7c4b5ceb, org.springframework.security.web.context.SecurityContextPersistenceFilter@6818fd48, org.springframework.security.web.header.HeaderWriterFilter@25699aa7, org.springframework.security.web.authentication.logout.LogoutFilter@37b01ce2, org.springframework.security.web.authentication.UsernamePasswordAuthenticationFilter@12567179, org.springframework.security.web.authentication.ui.DefaultLoginPageGeneratingFilter@6befbb12, org.springframework.security.web.authentication.ui.DefaultLogoutPageGeneratingFilter@6c07add6, org.springframework.security.web.authentication.www.BasicAuthenticationFilter@23b1aa9, org.springframework.security.web.savedrequest.RequestCacheAwareFilter@28daf506, org.springframework.security.web.servletapi.SecurityContextHolderAwareRequestFilter@7b5021d1, org.springframework.security.web.authentication.AnonymousAuthenticationFilter@e26a3df, org.springframework.security.web.session.SessionManagementFilter@15369d73, org.springframework.security.web.access.ExceptionTranslationFilter@46612bfc, org.springframework.security.web.access.intercept.FilterSecurityInterceptor@5db0003d]
17:30:01.167 [main] INFO  o.a.coyote.http11.Http11NioProtocol - Starting ProtocolHandler ["http-nio-8080"]
17:30:01.198 [main] INFO  o.s.b.w.e.tomcat.TomcatWebServer - Tomcat started on port(s): 8080 (http) with context path ''
17:30:01.205 [main] INFO  a.m.m.MallRestaurantApplication - Started MallRestaurantApplication in 1.943 seconds (JVM running for 2.574)
17:30:15.820 [main] INFO  a.m.m.MallRestaurantApplication - Starting MallRestaurantApplication using Java 17.0.9 on WINDOWS-RGRGTRB with PID 24176 (C:\Users\User\OneDrive\Documents\GitHub\sdf2-for-murad-MuradIbrahimov\mallRestaurant\build\classes\java\main started by 1KediSosis7 in C:\Users\User\OneDrive\Documents\GitHub\sdf2-for-murad-MuradIbrahimov)
17:30:15.822 [main] INFO  a.m.m.MallRestaurantApplication - No active profile set, falling back to default profiles: default
17:30:16.245 [main] INFO  o.s.d.r.c.RepositoryConfigurationDelegate - Bootstrapping Spring Data MongoDB repositories in DEFAULT mode.
17:30:16.279 [main] INFO  o.s.d.r.c.RepositoryConfigurationDelegate - Finished Spring Data repository scanning in 30 ms. Found 2 MongoDB repository interfaces.
17:30:16.590 [main] INFO  o.s.b.w.e.tomcat.TomcatWebServer - Tomcat initialized with port(s): 8080 (http)
17:30:16.597 [main] INFO  o.a.coyote.http11.Http11NioProtocol - Initializing ProtocolHandler ["http-nio-8080"]
17:30:16.597 [main] INFO  o.a.catalina.core.StandardService - Starting service [Tomcat]
17:30:16.597 [main] INFO  o.a.catalina.core.StandardEngine - Starting Servlet engine: [Apache Tomcat/9.0.55]
17:30:16.651 [main] INFO  o.a.c.c.C.[Tomcat].[localhost].[/] - Initializing Spring embedded WebApplicationContext
17:30:16.651 [main] INFO  o.s.b.w.s.c.ServletWebServerApplicationContext - Root WebApplicationContext: initialization completed in 797 ms
17:30:16.786 [main] INFO  org.mongodb.driver.cluster - Cluster created with settings {hosts=[localhost:27017], mode=SINGLE, requiredClusterType=UNKNOWN, serverSelectionTimeout='30000 ms'}
17:30:16.834 [cluster-ClusterId{value='657c54e8f8c89a6981cadc61', description='null'}-localhost:27017] INFO  org.mongodb.driver.connection - Opened connection [connectionId{localValue:2, serverValue:173}] to localhost:27017
17:30:16.834 [cluster-rtt-ClusterId{value='657c54e8f8c89a6981cadc61', description='null'}-localhost:27017] INFO  org.mongodb.driver.connection - Opened connection [connectionId{localValue:1, serverValue:172}] to localhost:27017
17:30:16.834 [cluster-ClusterId{value='657c54e8f8c89a6981cadc61', description='null'}-localhost:27017] INFO  org.mongodb.driver.cluster - Monitor thread successfully connected to server with description ServerDescription{address=localhost:27017, type=STANDALONE, state=CONNECTED, ok=true, minWireVersion=0, maxWireVersion=21, maxDocumentSize=16777216, logicalSessionTimeoutMinutes=30, roundTripTimeNanos=15270800}
17:30:17.081 [main] WARN  o.s.security.core.userdetails.User - User.withDefaultPasswordEncoder() is considered unsafe for production and is only intended for sample applications.
17:30:17.223 [main] INFO  o.s.s.web.DefaultSecurityFilterChain - Will secure any request with [org.springframework.security.web.context.request.async.WebAsyncManagerIntegrationFilter@6c8f4bc7, org.springframework.security.web.context.SecurityContextPersistenceFilter@33bdd01, org.springframework.security.web.header.HeaderWriterFilter@7b5021d1, org.springframework.security.web.authentication.logout.LogoutFilter@a316f6b, org.springframework.security.web.authentication.UsernamePasswordAuthenticationFilter@267ff4df, org.springframework.security.web.authentication.ui.DefaultLoginPageGeneratingFilter@17216605, org.springframework.security.web.authentication.ui.DefaultLogoutPageGeneratingFilter@714e861f, org.springframework.security.web.authentication.www.BasicAuthenticationFilter@7f6b7426, org.springframework.security.web.savedrequest.RequestCacheAwareFilter@7ac48f05, org.springframework.security.web.servletapi.SecurityContextHolderAwareRequestFilter@4e48462d, org.springframework.security.web.authentication.AnonymousAuthenticationFilter@28989415, org.springframework.security.web.session.SessionManagementFilter@21d9cd04, org.springframework.security.web.access.ExceptionTranslationFilter@514377fc, org.springframework.security.web.access.intercept.FilterSecurityInterceptor@402b4f81]
17:30:17.411 [main] INFO  o.a.coyote.http11.Http11NioProtocol - Starting ProtocolHandler ["http-nio-8080"]
17:30:17.438 [main] INFO  o.s.b.w.e.tomcat.TomcatWebServer - Tomcat started on port(s): 8080 (http) with context path ''
17:30:17.445 [main] INFO  a.m.m.MallRestaurantApplication - Started MallRestaurantApplication in 1.906 seconds (JVM running for 2.543)
17:30:26.776 [http-nio-8080-exec-1] INFO  o.a.c.c.C.[Tomcat].[localhost].[/] - Initializing Spring DispatcherServlet 'dispatcherServlet'
17:30:26.776 [http-nio-8080-exec-1] INFO  o.s.web.servlet.DispatcherServlet - Initializing Servlet 'dispatcherServlet'
17:30:26.777 [http-nio-8080-exec-1] INFO  o.s.web.servlet.DispatcherServlet - Completed initialization in 1 ms
17:30:26.846 [http-nio-8080-exec-1] INFO  org.mongodb.driver.connection - Opened connection [connectionId{localValue:3, serverValue:174}] to localhost:27017
17:32:33.469 [main] INFO  a.m.m.MallRestaurantApplication - Starting MallRestaurantApplication using Java 17.0.9 on WINDOWS-RGRGTRB with PID 1584 (C:\Users\User\OneDrive\Documents\GitHub\sdf2-for-murad-MuradIbrahimov\mallRestaurant\build\classes\java\main started by 1KediSosis7 in C:\Users\User\OneDrive\Documents\GitHub\sdf2-for-murad-MuradIbrahimov)
17:32:33.471 [main] INFO  a.m.m.MallRestaurantApplication - No active profile set, falling back to default profiles: default
17:32:33.913 [main] INFO  o.s.d.r.c.RepositoryConfigurationDelegate - Bootstrapping Spring Data MongoDB repositories in DEFAULT mode.
17:32:33.951 [main] INFO  o.s.d.r.c.RepositoryConfigurationDelegate - Finished Spring Data repository scanning in 35 ms. Found 2 MongoDB repository interfaces.
17:32:34.271 [main] INFO  o.s.b.w.e.tomcat.TomcatWebServer - Tomcat initialized with port(s): 8080 (http)
17:32:34.277 [main] INFO  o.a.coyote.http11.Http11NioProtocol - Initializing ProtocolHandler ["http-nio-8080"]
17:32:34.278 [main] INFO  o.a.catalina.core.StandardService - Starting service [Tomcat]
17:32:34.278 [main] INFO  o.a.catalina.core.StandardEngine - Starting Servlet engine: [Apache Tomcat/9.0.55]
17:32:34.333 [main] INFO  o.a.c.c.C.[Tomcat].[localhost].[/] - Initializing Spring embedded WebApplicationContext
17:32:34.333 [main] INFO  o.s.b.w.s.c.ServletWebServerApplicationContext - Root WebApplicationContext: initialization completed in 824 ms
17:32:34.470 [main] INFO  org.mongodb.driver.cluster - Cluster created with settings {hosts=[localhost:27017], mode=SINGLE, requiredClusterType=UNKNOWN, serverSelectionTimeout='30000 ms'}
17:32:34.515 [cluster-ClusterId{value='657c55729a458542210d75ae', description='null'}-localhost:27017] INFO  org.mongodb.driver.connection - Opened connection [connectionId{localValue:2, serverValue:176}] to localhost:27017
17:32:34.515 [cluster-rtt-ClusterId{value='657c55729a458542210d75ae', description='null'}-localhost:27017] INFO  org.mongodb.driver.connection - Opened connection [connectionId{localValue:1, serverValue:175}] to localhost:27017
17:32:34.515 [cluster-ClusterId{value='657c55729a458542210d75ae', description='null'}-localhost:27017] INFO  org.mongodb.driver.cluster - Monitor thread successfully connected to server with description ServerDescription{address=localhost:27017, type=STANDALONE, state=CONNECTED, ok=true, minWireVersion=0, maxWireVersion=21, maxDocumentSize=16777216, logicalSessionTimeoutMinutes=30, roundTripTimeNanos=14329200}
17:32:34.799 [main] WARN  o.s.security.core.userdetails.User - User.withDefaultPasswordEncoder() is considered unsafe for production and is only intended for sample applications.
17:32:34.959 [main] INFO  o.s.s.web.DefaultSecurityFilterChain - Will secure any request with [org.springframework.security.web.context.request.async.WebAsyncManagerIntegrationFilter@6c07add6, org.springframework.security.web.context.SecurityContextPersistenceFilter@9263c54, org.springframework.security.web.header.HeaderWriterFilter@5a47730c, org.springframework.security.web.authentication.logout.LogoutFilter@1a88c4f5, org.springframework.security.web.authentication.UsernamePasswordAuthenticationFilter@37d699a1, org.springframework.security.web.authentication.ui.DefaultLoginPageGeneratingFilter@21d9cd04, org.springframework.security.web.authentication.ui.DefaultLogoutPageGeneratingFilter@e26a3df, org.springframework.security.web.authentication.www.BasicAuthenticationFilter@54489296, org.springframework.security.web.savedrequest.RequestCacheAwareFilter@4662752a, org.springframework.security.web.servletapi.SecurityContextHolderAwareRequestFilter@6befbb12, org.springframework.security.web.authentication.AnonymousAuthenticationFilter@57a667c8, org.springframework.security.web.session.SessionManagementFilter@1cde374, org.springframework.security.web.access.ExceptionTranslationFilter@4f213a2, org.springframework.security.web.access.intercept.FilterSecurityInterceptor@7f12094d]
17:32:35.164 [main] INFO  o.a.coyote.http11.Http11NioProtocol - Starting ProtocolHandler ["http-nio-8080"]
17:32:35.192 [main] INFO  o.s.b.w.e.tomcat.TomcatWebServer - Tomcat started on port(s): 8080 (http) with context path ''
17:32:35.199 [main] INFO  a.m.m.MallRestaurantApplication - Started MallRestaurantApplication in 1.975 seconds (JVM running for 2.576)
17:37:19.375 [main] INFO  a.m.m.MallRestaurantApplication - Starting MallRestaurantApplication using Java 17.0.9 on WINDOWS-RGRGTRB with PID 23308 (C:\Users\User\OneDrive\Documents\GitHub\sdf2-for-murad-MuradIbrahimov\mallRestaurant\build\classes\java\main started by 1KediSosis7 in C:\Users\User\OneDrive\Documents\GitHub\sdf2-for-murad-MuradIbrahimov)
17:37:19.377 [main] INFO  a.m.m.MallRestaurantApplication - No active profile set, falling back to default profiles: default
17:37:19.811 [main] INFO  o.s.d.r.c.RepositoryConfigurationDelegate - Bootstrapping Spring Data MongoDB repositories in DEFAULT mode.
17:37:19.849 [main] INFO  o.s.d.r.c.RepositoryConfigurationDelegate - Finished Spring Data repository scanning in 35 ms. Found 2 MongoDB repository interfaces.
17:37:20.170 [main] INFO  o.s.b.w.e.tomcat.TomcatWebServer - Tomcat initialized with port(s): 8080 (http)
17:37:20.177 [main] INFO  o.a.coyote.http11.Http11NioProtocol - Initializing ProtocolHandler ["http-nio-8080"]
17:37:20.178 [main] INFO  o.a.catalina.core.StandardService - Starting service [Tomcat]
17:37:20.178 [main] INFO  o.a.catalina.core.StandardEngine - Starting Servlet engine: [Apache Tomcat/9.0.55]
17:37:20.232 [main] INFO  o.a.c.c.C.[Tomcat].[localhost].[/] - Initializing Spring embedded WebApplicationContext
17:37:20.232 [main] INFO  o.s.b.w.s.c.ServletWebServerApplicationContext - Root WebApplicationContext: initialization completed in 824 ms
17:37:20.372 [main] INFO  org.mongodb.driver.cluster - Cluster created with settings {hosts=[localhost:27017], mode=SINGLE, requiredClusterType=UNKNOWN, serverSelectionTimeout='30000 ms'}
17:37:20.426 [cluster-rtt-ClusterId{value='657c5690714c9a6f600f2134', description='null'}-localhost:27017] INFO  org.mongodb.driver.connection - Opened connection [connectionId{localValue:1, serverValue:178}] to localhost:27017
17:37:20.426 [cluster-ClusterId{value='657c5690714c9a6f600f2134', description='null'}-localhost:27017] INFO  org.mongodb.driver.connection - Opened connection [connectionId{localValue:2, serverValue:177}] to localhost:27017
17:37:20.426 [cluster-ClusterId{value='657c5690714c9a6f600f2134', description='null'}-localhost:27017] INFO  org.mongodb.driver.cluster - Monitor thread successfully connected to server with description ServerDescription{address=localhost:27017, type=STANDALONE, state=CONNECTED, ok=true, minWireVersion=0, maxWireVersion=21, maxDocumentSize=16777216, logicalSessionTimeoutMinutes=30, roundTripTimeNanos=17586700}
17:37:20.681 [main] WARN  o.s.security.core.userdetails.User - User.withDefaultPasswordEncoder() is considered unsafe for production and is only intended for sample applications.
17:37:20.824 [main] INFO  o.s.s.web.DefaultSecurityFilterChain - Will secure any request with [org.springframework.security.web.context.request.async.WebAsyncManagerIntegrationFilter@54489296, org.springframework.security.web.context.SecurityContextPersistenceFilter@5a47730c, org.springframework.security.web.header.HeaderWriterFilter@78b0ec3a, org.springframework.security.web.authentication.logout.LogoutFilter@49cc9b2a, org.springframework.security.web.authentication.UsernamePasswordAuthenticationFilter@589fb74d, org.springframework.security.web.authentication.ui.DefaultLoginPageGeneratingFilter@514377fc, org.springframework.security.web.authentication.ui.DefaultLogoutPageGeneratingFilter@4e8598d9, org.springframework.security.web.authentication.www.BasicAuthenticationFilter@2a8f8555, org.springframework.security.web.savedrequest.RequestCacheAwareFilter@1cde374, org.springframework.security.web.servletapi.SecurityContextHolderAwareRequestFilter@693f2213, org.springframework.security.web.authentication.AnonymousAuthenticationFilter@267ff4df, org.springframework.security.web.session.SessionManagementFilter@4f213a2, org.springframework.security.web.access.ExceptionTranslationFilter@111a7973, org.springframework.security.web.access.intercept.FilterSecurityInterceptor@1796b2d4]
17:37:21.011 [main] INFO  o.a.coyote.http11.Http11NioProtocol - Starting ProtocolHandler ["http-nio-8080"]
17:37:21.042 [main] INFO  o.s.b.w.e.tomcat.TomcatWebServer - Tomcat started on port(s): 8080 (http) with context path ''
17:37:21.049 [main] INFO  a.m.m.MallRestaurantApplication - Started MallRestaurantApplication in 1.938 seconds (JVM running for 2.53)
